<?xml version="1.0" encoding="UTF-8"?>
<testsuite name="com.manning.gia.todo.repository.InMemoryToDoRepositoryTest" tests="1" skipped="0" failures="0" errors="0" timestamp="2017-12-27T22:08:05" hostname="MacBook-Pro-de-Sonia.local" time="0.002">
  <properties/>
  <testcase name="testInsertToDoItem" classname="com.manning.gia.todo.repository.InMemoryToDoRepositoryTest" time="0.002"/>
  <system-out><![CDATA[]]></system-out>
  <system-err><![CDATA[]]></system-err>
</testsuite>
